0 info it worked if it ends with ok
1 verbose cli [ 'C:\\Program Files\\nodejs\\node.exe',
1 verbose cli   'C:\\Program Files\\nodejs\\node_modules\\npm\\bin\\npm-cli.js',
1 verbose cli   'run',
1 verbose cli   'test' ]
2 info using npm@3.8.6
3 info using node@v5.11.0
4 verbose run-script [ 'pretest', 'test', 'posttest' ]
5 info lifecycle assignment2@1.0.0~pretest: assignment2@1.0.0
6 silly lifecycle assignment2@1.0.0~pretest: no script for pretest, continuing
7 info lifecycle assignment2@1.0.0~test: assignment2@1.0.0
8 verbose lifecycle assignment2@1.0.0~test: unsafe-perm in lifecycle true
9 verbose lifecycle assignment2@1.0.0~test: PATH: C:\Program Files\nodejs\node_modules\npm\bin\node-gyp-bin;C:\Users\Anton\Documents\assignment2\node_modules\.bin;C:\Program Files\nodejs;C:\ProgramData\Oracle\Java\javapath;C:\Python27\;C:\Program Files (x86)\Common Files\Microsoft Shared\Windows Live;C:\Windows\system32;C:\Windows;C:\Windows\System32\Wbem;C:\Windows\System32\WindowsPowerShell\v1.0\;C:\Program Files\Intel\DMIX;C:\Program Files (x86)\ATI Technologies\ATI.ACE\Core-Static;C:\Program Files\Calibre2\;C:\Program Files (x86)\QuickTime\QTSystem\;C:\Program Files (x86)\CodeBlocks\MinGW\bin;C:\Program Files (x86)\nano;C:\Program Files (x86)\Notepad++;C:\Program Files\Java\jdk1.8.0_40\bin;C:\Program Files (x86)\Java\jre1.8.0_40\bin;C:\Program Files (x86)\Git\cmd;C:\Program Files (x86)\Git\bin;C:\Program Files (x86)\Skype\Phone\;C:\Program Files (x86)\NVIDIA Corporation\PhysX\Common;C:\Program Files\Microsoft SQL Server\120\Tools\Binn\;C:\Program Files (x86)\Windows Kits\10\Windows Performance Toolkit\;C:\Program Files (x86)\GtkSharp\2.12\bin;C:\Program Files\nodejs\;C:\Program Files\Common Files\Microsoft Shared\Windows Live;C:\Program Files (x86)\MiKTex\miktex\bin\x64\;C:\Users\Anton\AppData\Roaming\npm
10 verbose lifecycle assignment2@1.0.0~test: CWD: C:\Users\Anton\Documents\assignment2
11 silly lifecycle assignment2@1.0.0~test: Args: [ '/d /s /c',
11 silly lifecycle   'mocha -w /test/helpers/browser.js /test/*.spec.js' ]
12 silly lifecycle assignment2@1.0.0~test: Returned: code: 1  signal: null
13 info lifecycle assignment2@1.0.0~test: Failed to exec test script
14 verbose stack Error: assignment2@1.0.0 test: `mocha -w /test/helpers/browser.js /test/*.spec.js`
14 verbose stack Exit status 1
14 verbose stack     at EventEmitter.<anonymous> (C:\Program Files\nodejs\node_modules\npm\lib\utils\lifecycle.js:239:16)
14 verbose stack     at emitTwo (events.js:100:13)
14 verbose stack     at EventEmitter.emit (events.js:185:7)
14 verbose stack     at ChildProcess.<anonymous> (C:\Program Files\nodejs\node_modules\npm\lib\utils\spawn.js:24:14)
14 verbose stack     at emitTwo (events.js:100:13)
14 verbose stack     at ChildProcess.emit (events.js:185:7)
14 verbose stack     at maybeClose (internal/child_process.js:850:16)
14 verbose stack     at Process.ChildProcess._handle.onexit (internal/child_process.js:215:5)
15 verbose pkgid assignment2@1.0.0
16 verbose cwd C:\Users\Anton\Documents\assignment2
17 error Windows_NT 6.1.7601
18 error argv "C:\\Program Files\\nodejs\\node.exe" "C:\\Program Files\\nodejs\\node_modules\\npm\\bin\\npm-cli.js" "run" "test"
19 error node v5.11.0
20 error npm  v3.8.6
21 error code ELIFECYCLE
22 error assignment2@1.0.0 test: `mocha -w /test/helpers/browser.js /test/*.spec.js`
22 error Exit status 1
23 error Failed at the assignment2@1.0.0 test script 'mocha -w /test/helpers/browser.js /test/*.spec.js'.
23 error Make sure you have the latest version of node.js and npm installed.
23 error If you do, this is most likely a problem with the assignment2 package,
23 error not with npm itself.
23 error Tell the author that this fails on your system:
23 error     mocha -w /test/helpers/browser.js /test/*.spec.js
23 error You can get information on how to open an issue for this project with:
23 error     npm bugs assignment2
23 error Or if that isn't available, you can get their info via:
23 error     npm owner ls assignment2
23 error There is likely additional logging output above.
24 verbose exit [ 1, true ]
